<?xml version="1.0" encoding="UTF-8"?>
<!-- Generated by org.testng.reporters.JUnitXMLReporter -->
<testsuite hostname="DESKTOP-E190ROJ" ignored="0" name="regression" tests="4" failures="0" timestamp="07 Dec 2018 20:41:50 GMT" time="44.402" errors="0">
  <testcase name="basePageNavigation" time="11.384" classname="com.selenium.framework.HomePage"/>
  <testcase name="basePageNavigation" time="10.991" classname="com.selenium.framework.HomePage"/>
  <testcase name="basePageNavigation" time="10.699" classname="com.selenium.framework.HomePage"/>
  <testcase name="basePageNavigation" time="11.29" classname="com.selenium.framework.HomePage"/>
</testsuite> <!-- regression -->
