<?xml version="1.0" encoding="UTF-8"?>
<!-- Generated by org.testng.reporters.JUnitXMLReporter -->
<testsuite hostname="DESKTOP-E190ROJ" ignored="0" name="regression" tests="4" failures="4" timestamp="07 Dec 2018 19:24:30 GMT" time="43.29" errors="0">
  <testcase name="basePageNavigation" time="10.103" classname="com.selenium.framework.HomePage">
    <failure type="java.lang.AssertionError" message="expected [false] but found [true]">
      <![CDATA[java.lang.AssertionError: expected [false] but found [true]
at com.selenium.framework.HomePage.basePageNavigation(HomePage.java:43)
... Removed 33 stack frames]]>
    </failure>
  </testcase> <!-- basePageNavigation -->
  <testcase name="basePageNavigation" time="10.338" classname="com.selenium.framework.HomePage">
    <failure type="java.lang.AssertionError" message="expected [false] but found [true]">
      <![CDATA[java.lang.AssertionError: expected [false] but found [true]
at com.selenium.framework.HomePage.basePageNavigation(HomePage.java:43)
... Removed 33 stack frames]]>
    </failure>
  </testcase> <!-- basePageNavigation -->
  <testcase name="basePageNavigation" time="9.705" classname="com.selenium.framework.HomePage">
    <failure type="java.lang.AssertionError" message="expected [false] but found [true]">
      <![CDATA[java.lang.AssertionError: expected [false] but found [true]
at com.selenium.framework.HomePage.basePageNavigation(HomePage.java:43)
... Removed 33 stack frames]]>
    </failure>
  </testcase> <!-- basePageNavigation -->
  <testcase name="basePageNavigation" time="13.096" classname="com.selenium.framework.HomePage">
    <failure type="java.lang.AssertionError" message="expected [false] but found [true]">
      <![CDATA[java.lang.AssertionError: expected [false] but found [true]
at com.selenium.framework.HomePage.basePageNavigation(HomePage.java:43)
... Removed 33 stack frames]]>
    </failure>
  </testcase> <!-- basePageNavigation -->
</testsuite> <!-- regression -->
