<?xml version="1.0" encoding="UTF-8"?>
<testng-results skipped="0" failed="0" ignored="0" total="4" passed="4">
  <reporter-output>
  </reporter-output>
  <suite name="Suite1" duration-ms="65867" started-at="2018-12-07T20:08:16Z" finished-at="2018-12-07T20:09:21Z">
    <groups>
    </groups>
    <test name="regression" duration-ms="65867" started-at="2018-12-07T20:08:16Z" finished-at="2018-12-07T20:09:21Z">
      <class name="com.selenium.framework.HomePage">
        <test-method status="PASS" signature="intialize()[pri:0, instance:com.selenium.framework.HomePage@333291e3]" name="intialize" is-config="true" duration-ms="20" started-at="2018-12-07T20:08:16Z" finished-at="2018-12-07T20:08:16Z">
          <reporter-output>
          </reporter-output>
        </test-method> <!-- intialize -->
        <test-method status="PASS" signature="basePageNavigation(java.lang.String, java.lang.String)[pri:0, instance:com.selenium.framework.HomePage@333291e3]" name="basePageNavigation" duration-ms="15437" started-at="2018-12-07T20:08:16Z" data-provider="logindetails" finished-at="2018-12-07T20:08:31Z">
          <params>
            <param index="0">
              <value>
                <![CDATA[yamihushh@gmail.com]]>
              </value>
            </param>
            <param index="1">
              <value>
                <![CDATA[Logout]]>
              </value>
            </param>
          </params>
          <reporter-output>
          </reporter-output>
        </test-method> <!-- basePageNavigation -->
        <test-method status="PASS" signature="basePageNavigation(java.lang.String, java.lang.String)[pri:0, instance:com.selenium.framework.HomePage@333291e3]" name="basePageNavigation" duration-ms="16895" started-at="2018-12-07T20:08:31Z" data-provider="logindetails" finished-at="2018-12-07T20:08:48Z">
          <params>
            <param index="0">
              <value>
                <![CDATA[yamihushh@gmail.com]]>
              </value>
            </param>
            <param index="1">
              <value>
                <![CDATA[Logout]]>
              </value>
            </param>
          </params>
          <reporter-output>
          </reporter-output>
        </test-method> <!-- basePageNavigation -->
        <test-method status="PASS" signature="basePageNavigation(java.lang.String, java.lang.String)[pri:0, instance:com.selenium.framework.HomePage@333291e3]" name="basePageNavigation" duration-ms="18911" started-at="2018-12-07T20:08:48Z" data-provider="logindetails" finished-at="2018-12-07T20:09:07Z">
          <params>
            <param index="0">
              <value>
                <![CDATA[yamihushh@gmail.com]]>
              </value>
            </param>
            <param index="1">
              <value>
                <![CDATA[Logout]]>
              </value>
            </param>
          </params>
          <reporter-output>
          </reporter-output>
        </test-method> <!-- basePageNavigation -->
        <test-method status="PASS" signature="basePageNavigation(java.lang.String, java.lang.String)[pri:0, instance:com.selenium.framework.HomePage@333291e3]" name="basePageNavigation" duration-ms="14582" started-at="2018-12-07T20:09:07Z" data-provider="logindetails" finished-at="2018-12-07T20:09:21Z">
          <params>
            <param index="0">
              <value>
                <![CDATA[yamihushh@gmail.com]]>
              </value>
            </param>
            <param index="1">
              <value>
                <![CDATA[Logout]]>
              </value>
            </param>
          </params>
          <reporter-output>
          </reporter-output>
        </test-method> <!-- basePageNavigation -->
        <test-method status="PASS" signature="tearDown()[pri:0, instance:com.selenium.framework.HomePage@333291e3]" name="tearDown" is-config="true" duration-ms="1" started-at="2018-12-07T20:09:21Z" finished-at="2018-12-07T20:09:21Z">
          <reporter-output>
          </reporter-output>
        </test-method> <!-- tearDown -->
      </class> <!-- com.selenium.framework.HomePage -->
    </test> <!-- regression -->
  </suite> <!-- Suite1 -->
</testng-results>
